[0][2018-05-28 18:05:43] 查询我的余额出错 - 用户账户不存在
    System.Exception: 查询我的余额出错 - 用户账户不存在 ---> System.ArgumentException: 用户账户不存在
   at GameBiz.Business.FundBusiness.QueryUserBalance(String userId)
   at GameBiz.Service.GameBizWcfService_Fund.QueryUserBalance(String userId)
   --- End of inner exception stack trace ---
   at Common.Communication.WcfService.DoWork(WcfInvokeInfo invokeInfo)
    ----------------------------------------------------------------------------

[0][2018-05-28 18:05:44] 查询我的余额出错 - 用户账户不存在
    System.Exception: 查询我的余额出错 - 用户账户不存在 ---> System.ArgumentException: 用户账户不存在
   at GameBiz.Business.FundBusiness.QueryUserBalance(String userId)
   at GameBiz.Service.GameBizWcfService_Fund.QueryUserBalance(String userId)
   --- End of inner exception stack trace ---
   at Common.Communication.WcfService.DoWork(WcfInvokeInfo invokeInfo)
    ----------------------------------------------------------------------------

[0][2018-05-28 18:05:46] 查询我的余额出错 - 用户账户不存在
    System.Exception: 查询我的余额出错 - 用户账户不存在 ---> System.ArgumentException: 用户账户不存在
   at GameBiz.Business.FundBusiness.QueryUserBalance(String userId)
   at GameBiz.Service.GameBizWcfService_Fund.QueryUserBalance(String userId)
   --- End of inner exception stack trace ---
   at Common.Communication.WcfService.DoWork(WcfInvokeInfo invokeInfo)
    ----------------------------------------------------------------------------

[0][2018-05-28 18:05:48] 查询我的余额出错 - 用户账户不存在
    System.Exception: 查询我的余额出错 - 用户账户不存在 ---> System.ArgumentException: 用户账户不存在
   at GameBiz.Business.FundBusiness.QueryUserBalance(String userId)
   at GameBiz.Service.GameBizWcfService_Fund.QueryUserBalance(String userId)
   --- End of inner exception stack trace ---
   at Common.Communication.WcfService.DoWork(WcfInvokeInfo invokeInfo)
    ----------------------------------------------------------------------------

[0][2018-05-28 18:05:49] 查询我的余额出错 - 用户账户不存在
    System.Exception: 查询我的余额出错 - 用户账户不存在 ---> System.ArgumentException: 用户账户不存在
   at GameBiz.Business.FundBusiness.QueryUserBalance(String userId)
   at GameBiz.Service.GameBizWcfService_Fund.QueryUserBalance(String userId)
   --- End of inner exception stack trace ---
   at Common.Communication.WcfService.DoWork(WcfInvokeInfo invokeInfo)
    ----------------------------------------------------------------------------

[0][2018-05-28 18:05:50] 查询我的余额出错 - 用户账户不存在
    System.Exception: 查询我的余额出错 - 用户账户不存在 ---> System.ArgumentException: 用户账户不存在
   at GameBiz.Business.FundBusiness.QueryUserBalance(String userId)
   at GameBiz.Service.GameBizWcfService_Fund.QueryUserBalance(String userId)
   --- End of inner exception stack trace ---
   at Common.Communication.WcfService.DoWork(WcfInvokeInfo invokeInfo)
    ----------------------------------------------------------------------------

[0][2018-05-28 18:05:53] 查询我的余额出错 - 用户账户不存在
    System.Exception: 查询我的余额出错 - 用户账户不存在 ---> System.ArgumentException: 用户账户不存在
   at GameBiz.Business.FundBusiness.QueryUserBalance(String userId)
   at GameBiz.Service.GameBizWcfService_Fund.QueryUserBalance(String userId)
   --- End of inner exception stack trace ---
   at Common.Communication.WcfService.DoWork(WcfInvokeInfo invokeInfo)
    ----------------------------------------------------------------------------

[0][2018-05-28 18:05:54] 查询我的余额出错 - 用户账户不存在
    System.Exception: 查询我的余额出错 - 用户账户不存在 ---> System.ArgumentException: 用户账户不存在
   at GameBiz.Business.FundBusiness.QueryUserBalance(String userId)
   at GameBiz.Service.GameBizWcfService_Fund.QueryUserBalance(String userId)
   --- End of inner exception stack trace ---
   at Common.Communication.WcfService.DoWork(WcfInvokeInfo invokeInfo)
    ----------------------------------------------------------------------------

[0][2018-05-28 18:05:55] 查询我的余额出错 - 用户账户不存在
    System.Exception: 查询我的余额出错 - 用户账户不存在 ---> System.ArgumentException: 用户账户不存在
   at GameBiz.Business.FundBusiness.QueryUserBalance(String userId)
   at GameBiz.Service.GameBizWcfService_Fund.QueryUserBalance(String userId)
   --- End of inner exception stack trace ---
   at Common.Communication.WcfService.DoWork(WcfInvokeInfo invokeInfo)
    ----------------------------------------------------------------------------

[0][2018-05-28 18:05:56] 查询我的余额出错 - 用户账户不存在
    System.Exception: 查询我的余额出错 - 用户账户不存在 ---> System.ArgumentException: 用户账户不存在
   at GameBiz.Business.FundBusiness.QueryUserBalance(String userId)
   at GameBiz.Service.GameBizWcfService_Fund.QueryUserBalance(String userId)
   --- End of inner exception stack trace ---
   at Common.Communication.WcfService.DoWork(WcfInvokeInfo invokeInfo)
    ----------------------------------------------------------------------------

[0][2018-05-28 18:05:57] 查询我的余额出错 - 用户账户不存在
    System.Exception: 查询我的余额出错 - 用户账户不存在 ---> System.ArgumentException: 用户账户不存在
   at GameBiz.Business.FundBusiness.QueryUserBalance(String userId)
   at GameBiz.Service.GameBizWcfService_Fund.QueryUserBalance(String userId)
   --- End of inner exception stack trace ---
   at Common.Communication.WcfService.DoWork(WcfInvokeInfo invokeInfo)
    ----------------------------------------------------------------------------

[0][2018-05-28 18:05:59] 查询我的余额出错 - 用户账户不存在
    System.Exception: 查询我的余额出错 - 用户账户不存在 ---> System.ArgumentException: 用户账户不存在
   at GameBiz.Business.FundBusiness.QueryUserBalance(String userId)
   at GameBiz.Service.GameBizWcfService_Fund.QueryUserBalance(String userId)
   --- End of inner exception stack trace ---
   at Common.Communication.WcfService.DoWork(WcfInvokeInfo invokeInfo)
    ----------------------------------------------------------------------------

[0][2018-05-28 18:06:00] 查询我的余额出错 - 用户账户不存在
    System.Exception: 查询我的余额出错 - 用户账户不存在 ---> System.ArgumentException: 用户账户不存在
   at GameBiz.Business.FundBusiness.QueryUserBalance(String userId)
   at GameBiz.Service.GameBizWcfService_Fund.QueryUserBalance(String userId)
   --- End of inner exception stack trace ---
   at Common.Communication.WcfService.DoWork(WcfInvokeInfo invokeInfo)
    ----------------------------------------------------------------------------

[0][2018-05-28 18:06:01] 查询我的余额出错 - 用户账户不存在
    System.Exception: 查询我的余额出错 - 用户账户不存在 ---> System.ArgumentException: 用户账户不存在
   at GameBiz.Business.FundBusiness.QueryUserBalance(String userId)
   at GameBiz.Service.GameBizWcfService_Fund.QueryUserBalance(String userId)
   --- End of inner exception stack trace ---
   at Common.Communication.WcfService.DoWork(WcfInvokeInfo invokeInfo)
    ----------------------------------------------------------------------------

[0][2018-05-28 18:06:04] 查询我的余额出错 - 用户账户不存在
    System.Exception: 查询我的余额出错 - 用户账户不存在 ---> System.ArgumentException: 用户账户不存在
   at GameBiz.Business.FundBusiness.QueryUserBalance(String userId)
   at GameBiz.Service.GameBizWcfService_Fund.QueryUserBalance(String userId)
   --- End of inner exception stack trace ---
   at Common.Communication.WcfService.DoWork(WcfInvokeInfo invokeInfo)
    ----------------------------------------------------------------------------

[0][2018-05-28 18:06:05] 查询我的余额出错 - 用户账户不存在
    System.Exception: 查询我的余额出错 - 用户账户不存在 ---> System.ArgumentException: 用户账户不存在
   at GameBiz.Business.FundBusiness.QueryUserBalance(String userId)
   at GameBiz.Service.GameBizWcfService_Fund.QueryUserBalance(String userId)
   --- End of inner exception stack trace ---
   at Common.Communication.WcfService.DoWork(WcfInvokeInfo invokeInfo)
    ----------------------------------------------------------------------------

[0][2018-05-28 18:06:06] 查询我的余额出错 - 用户账户不存在
    System.Exception: 查询我的余额出错 - 用户账户不存在 ---> System.ArgumentException: 用户账户不存在
   at GameBiz.Business.FundBusiness.QueryUserBalance(String userId)
   at GameBiz.Service.GameBizWcfService_Fund.QueryUserBalance(String userId)
   --- End of inner exception stack trace ---
   at Common.Communication.WcfService.DoWork(WcfInvokeInfo invokeInfo)
    ----------------------------------------------------------------------------

[0][2018-05-28 18:06:08] 查询我的余额出错 - 用户账户不存在
    System.Exception: 查询我的余额出错 - 用户账户不存在 ---> System.ArgumentException: 用户账户不存在
   at GameBiz.Business.FundBusiness.QueryUserBalance(String userId)
   at GameBiz.Service.GameBizWcfService_Fund.QueryUserBalance(String userId)
   --- End of inner exception stack trace ---
   at Common.Communication.WcfService.DoWork(WcfInvokeInfo invokeInfo)
    ----------------------------------------------------------------------------

[0][2018-05-28 18:06:09] 查询我的余额出错 - 用户账户不存在
    System.Exception: 查询我的余额出错 - 用户账户不存在 ---> System.ArgumentException: 用户账户不存在
   at GameBiz.Business.FundBusiness.QueryUserBalance(String userId)
   at GameBiz.Service.GameBizWcfService_Fund.QueryUserBalance(String userId)
   --- End of inner exception stack trace ---
   at Common.Communication.WcfService.DoWork(WcfInvokeInfo invokeInfo)
    ----------------------------------------------------------------------------

[0][2018-05-28 18:06:10] 查询我的余额出错 - 用户账户不存在
    System.Exception: 查询我的余额出错 - 用户账户不存在 ---> System.ArgumentException: 用户账户不存在
   at GameBiz.Business.FundBusiness.QueryUserBalance(String userId)
   at GameBiz.Service.GameBizWcfService_Fund.QueryUserBalance(String userId)
   --- End of inner exception stack trace ---
   at Common.Communication.WcfService.DoWork(WcfInvokeInfo invokeInfo)
    ----------------------------------------------------------------------------

