[0][2018-06-17 12:30:31] An error occurred when trying to create a controller of type 'app.lottery.admin.Controllers.FinanceManageController'. Make sure that the controller has a parameterless public constructor.
    System.InvalidOperationException: An error occurred when trying to create a controller of type 'app.lottery.admin.Controllers.FinanceManageController'. Make sure that the controller has a parameterless public constructor. ---> System.Reflection.TargetInvocationException: Exception has been thrown by the target of an invocation. ---> System.NullReferenceException: Object reference not set to an instance of an object.
   at app.lottery.admin.Controllers.FinanceManageController..ctor() in H:\work\gongcheng\projects\caipiao\90.Apps\app.lottery.admin\Controllers\FinanceManageController.cs:line 1724
   --- End of inner exception stack trace ---
   at System.RuntimeTypeHandle.CreateInstance(RuntimeType type, Boolean publicOnly, Boolean noCheck, Boolean& canBeCached, RuntimeMethodHandleInternal& ctor, Boolean& bNeedSecurityCheck)
   at System.RuntimeType.CreateInstanceSlow(Boolean publicOnly, Boolean skipCheckThis, Boolean fillCache, StackCrawlMark& stackMark)
   at System.Activator.CreateInstance(Type type, Boolean nonPublic)
   at System.Activator.CreateInstance(Type type)
   at System.Web.Mvc.DefaultControllerFactory.DefaultControllerActivator.Create(RequestContext requestContext, Type controllerType)
   --- End of inner exception stack trace ---
   at System.Web.Mvc.DefaultControllerFactory.DefaultControllerActivator.Create(RequestContext requestContext, Type controllerType)
   at System.Web.Mvc.DefaultControllerFactory.CreateController(RequestContext requestContext, String controllerName)
   at System.Web.Mvc.MvcHandler.ProcessRequestInit(HttpContextBase httpContext, IController& controller, IControllerFactory& factory)
   at System.Web.Mvc.MvcHandler.<>c__DisplayClass6.<BeginProcessRequest>b__2()
   at System.Web.Mvc.SecurityUtil.<>c__DisplayClassb`1.<ProcessInApplicationTrust>b__a()
   at System.Web.Mvc.SecurityUtil.ProcessInApplicationTrust[TResult](Func`1 func)
   at System.Web.HttpApplication.CallHandlerExecutionStep.System.Web.HttpApplication.IExecutionStep.Execute()
   at System.Web.HttpApplication.ExecuteStepImpl(IExecutionStep step)
   at System.Web.HttpApplication.ExecuteStep(IExecutionStep step, Boolean& completedSynchronously)
    ----------------------------------------------------------------------------

